
Linkcheck run: 2021-02-22 21:49:49 UTC

Got gist page

https://docs.python.org/3
https://www.attrs.org/en/stable/
https://docs.djangoproject.com/en/dev/
https://flask.palletsprojects.com/en/1.1.x/
https://docs.h5py.org/en/latest/
https://matplotlib.org/stable
https://numpy.org/doc/stable/
https://pandas.pydata.org/docs/
https://docs.pylonsproject.org/projects/pyramid/en/latest/
https://scikit-learn.org/stable/
https://docs.scipy.org/doc/scipy/reference
https://www.sphinx-doc.org/en/stable/
https://sarge.readthedocs.io/en/latest/

https://docs.python.org/3: 200
Inventory(project='Python', version='3.9', source_type=<SourceTypes.URL: 'url'>)

https://www.attrs.org/en/stable/: 200
Inventory(project='attrs', version='20.3', source_type=<SourceTypes.URL: 'url'>)

https://docs.djangoproject.com/en/dev/: 200
Inventory(project='Django', version='4.0', source_type=<SourceTypes.URL: 'url'>)

https://flask.palletsprojects.com/en/1.1.x/: 200
Inventory(project='Flask', version='1.1.x', source_type=<SourceTypes.URL: 'url'>)

https://docs.h5py.org/en/latest/: 200
Inventory(project='h5py', version='3.1', source_type=<SourceTypes.URL: 'url'>)

https://matplotlib.org/stable: 200
Inventory(project='Matplotlib', version='3.3.4', source_type=<SourceTypes.URL: 'url'>)

https://numpy.org/doc/stable/: 200
Inventory(project='NumPy', version='1.20', source_type=<SourceTypes.URL: 'url'>)

https://pandas.pydata.org/docs/: 200
Inventory(project='pandas', version='1.2.2', source_type=<SourceTypes.URL: 'url'>)

https://docs.pylonsproject.org/projects/pyramid/en/latest/: 200
Inventory(project='The Pyramid Web Framework', version='1.10.7', source_type=<SourceTypes.URL: 'url'>)

https://scikit-learn.org/stable/: 200
Inventory(project='scikit-learn', version='0.24', source_type=<SourceTypes.URL: 'url'>)

https://docs.scipy.org/doc/scipy/reference: 200
Inventory(project='SciPy', version='1.6.1', source_type=<SourceTypes.URL: 'url'>)

https://www.sphinx-doc.org/en/stable/: 200
Inventory(project='Sphinx', version='4.0.0+', source_type=<SourceTypes.URL: 'url'>)

https://sarge.readthedocs.io/en/latest/: 200
Inventory(project='Sarge', version='0.1', source_type=<SourceTypes.URL: 'url'>)

